TN:
SF:src/PunksBids.sol
FN:27,PunksBids.unpause
FNDA:2,PunksBids.unpause
DA:28,2
FN:31,PunksBids.pause
FNDA:4,PunksBids.pause
DA:32,4
FN:71,PunksBids.
FNDA:0,PunksBids.
FN:78,PunksBids.executeMatch
FNDA:8,PunksBids.executeMatch
DA:79,7
DA:81,7
BRDA:81,0,0,1
BRDA:81,0,1,6
DA:82,1
DA:85,6
BRDA:85,1,0,1
BRDA:85,1,1,5
DA:86,1
DA:89,5
DA:91,5
DA:93,5
DA:95,5
DA:97,5
FN:104,PunksBids.cancelBid
FNDA:7,PunksBids.cancelBid
DA:105,12
BRDA:105,2,0,2
BRDA:105,2,1,10
DA:106,2
DA:109,10
DA:111,10
BRDA:111,3,0,2
BRDA:111,3,1,8
DA:112,2
DA:115,8
DA:116,8
FN:123,PunksBids.cancelBids
FNDA:3,PunksBids.cancelBids
DA:124,3
DA:125,5
FN:132,PunksBids.incrementNonce
FNDA:2,PunksBids.incrementNonce
DA:133,2
FN:140,PunksBids.setFeeRate
FNDA:768,PunksBids.setFeeRate
DA:141,512
DA:143,512
FN:150,PunksBids.setLocalFeeRate
FNDA:768,PunksBids.setLocalFeeRate
DA:151,512
DA:153,512
FN:160,PunksBids.withdrawFees
FNDA:4,PunksBids.withdrawFees
DA:161,3
DA:162,3
DA:163,3
BRDA:163,4,0,1
BRDA:163,4,1,2
DA:164,1
DA:167,2
FN:178,PunksBids._validateBidParameters
FNDA:12,PunksBids._validateBidParameters
DA:179,12
FN:189,PunksBids._validateSignature
FNDA:265,PunksBids._validateSignature
DA:190,265
FN:202,PunksBids._canMatchBidAndPunk
FNDA:1033,PunksBids._canMatchBidAndPunk
DA:207,1033
DA:209,1033
BRDA:209,5,0,256
BRDA:209,5,1,777
DA:210,256
DA:214,777
DA:215,777
DA:218,777
BRDA:218,6,0,256
BRDA:218,6,1,1
DA:219,257
DA:220,257
BRDA:220,7,0,256
BRDA:220,7,1,1
DA:221,256
DA:226,521
BRDA:226,8,0,256
BRDA:226,8,1,1
DA:228,257
DA:229,257
BRDA:229,9,0,256
BRDA:229,9,1,1
DA:230,256
DA:235,265
BRDA:235,10,0,1
BRDA:235,10,1,3
DA:236,2
DA:237,2
DA:238,2
DA:239,2
DA:241,2
DA:242,4
DA:243,4
DA:245,4
DA:246,4
DA:247,4
BRDA:247,11,0,3
BRDA:247,11,1,1
DA:248,3
DA:249,3
DA:250,3
DA:255,4
BRDA:255,12,0,1
BRDA:255,12,1,3
DA:256,1
FN:270,PunksBids._canBuyPunk
FNDA:1292,PunksBids._canBuyPunk
DA:275,1292
DA:276,1292
DA:278,1292
BRDA:278,13,0,1
BRDA:278,13,1,1291
DA:279,1
DA:281,1291
BRDA:281,14,0,1
BRDA:281,14,1,1290
DA:282,1
DA:285,1290
DA:286,1290
DA:288,1290
DA:289,1290
DA:291,1290
BRDA:291,15,0,256
BRDA:291,15,1,1034
DA:292,256
FN:302,PunksBids._validatePunkIndex
FNDA:2569,PunksBids._validatePunkIndex
DA:304,2569
BRDA:304,16,0,256
BRDA:304,16,1,256
DA:305,512
DA:306,512
BRDA:306,17,0,256
BRDA:306,17,1,256
DA:307,256
DA:310,256
DA:313,2057
BRDA:313,18,0,256
BRDA:313,18,1,256
DA:314,512
DA:315,512
BRDA:315,19,0,256
BRDA:315,19,1,256
DA:316,256
DA:321,1801
FN:329,PunksBids._executeWETHTransfer
FNDA:261,PunksBids._executeWETHTransfer
DA:330,261
DA:332,261
FN:341,PunksBids._executeBuyPunk
FNDA:517,PunksBids._executeBuyPunk
DA:342,517
DA:347,261
FN:358,PunksBids._getAttributesStringToSliceArray
FNDA:780,PunksBids._getAttributesStringToSliceArray
DA:363,780
DA:364,780
DA:365,780
DA:366,780
DA:367,2600
DA:369,780
FNF:18
FNH:17
LF:94
LH:94
BRF:40
BRH:40
end_of_record
TN:
SF:src/lib/EIP712.sol
FN:33,EIP712._hashDomain
FNDA:1,EIP712._hashDomain
DA:34,1
FN:50,EIP712._hashBid
FNDA:282,EIP712._hashBid
DA:51,282
FN:77,EIP712._hashIndexes
FNDA:282,EIP712._hashIndexes
DA:78,282
FN:88,EIP712._hashAttributes
FNDA:282,EIP712._hashAttributes
DA:89,282
FN:99,EIP712._hashToSign
FNDA:524,EIP712._hashToSign
DA:100,524
FNF:5
FNH:5
LF:5
LH:5
BRF:0
BRH:0
end_of_record
TN:
SF:src/lib/StringUtils.sol
FN:50,StringUtils.toSlice
FNDA:0,StringUtils.toSlice
DA:51,0
DA:53,0
DA:55,0
FN:67,StringUtils.compare
FNDA:0,StringUtils.compare
DA:68,0
DA:69,0
BRDA:69,0,0,-
BRDA:69,0,1,-
DA:70,0
DA:73,0
DA:74,0
DA:75,0
DA:76,0
DA:77,0
DA:79,0
DA:80,0
DA:82,0
BRDA:82,1,0,-
BRDA:82,1,1,-
DA:84,0
DA:85,0
BRDA:85,2,0,-
BRDA:85,2,1,-
DA:86,0
DA:89,0
DA:90,0
BRDA:90,3,0,-
BRDA:90,3,1,-
DA:91,0
DA:95,0
DA:96,0
DA:98,0
FN:107,StringUtils.equals
FNDA:0,StringUtils.equals
DA:108,0
FN:113,StringUtils.findPtr
FNDA:0,StringUtils.findPtr
DA:118,0
DA:119,0
DA:121,0
BRDA:121,4,0,-
BRDA:121,4,1,-
DA:122,0
BRDA:122,5,0,-
BRDA:122,5,1,-
DA:123,0
DA:124,0
BRDA:124,6,0,-
BRDA:124,6,1,-
DA:125,0
DA:128,0
DA:130,0
DA:133,0
DA:134,0
DA:136,0
DA:139,0
DA:140,0
BRDA:140,7,0,-
BRDA:140,7,1,-
DA:141,0
DA:143,0
DA:145,0
DA:148,0
DA:151,0
DA:153,0
DA:156,0
DA:157,0
DA:159,0
DA:161,0
BRDA:161,8,0,-
BRDA:161,8,1,-
DA:162,0
DA:164,0
DA:168,0
FN:173,StringUtils.rfindPtr
FNDA:0,StringUtils.rfindPtr
DA:178,0
DA:180,0
BRDA:180,9,0,-
BRDA:180,9,1,-
DA:181,0
BRDA:181,10,0,-
BRDA:181,10,1,-
DA:182,0
DA:183,0
BRDA:183,11,0,-
BRDA:183,11,1,-
DA:184,0
DA:187,0
DA:189,0
DA:192,0
DA:193,0
DA:195,0
DA:198,0
DA:199,0
BRDA:199,12,0,-
BRDA:199,12,1,-
DA:200,0
DA:202,0
DA:204,0
DA:207,0
DA:210,0
DA:212,0
DA:214,0
DA:215,0
DA:216,0
DA:218,0
DA:220,0
BRDA:220,13,0,-
BRDA:220,13,1,-
DA:221,0
DA:223,0
DA:227,0
FN:240,StringUtils.split
FNDA:0,StringUtils.split
DA:241,0
DA:242,0
DA:243,0
DA:244,0
BRDA:244,14,0,-
BRDA:244,14,1,-
DA:246,0
DA:248,0
DA:249,0
DA:251,0
FN:263,StringUtils.split
FNDA:0,StringUtils.split
DA:264,0
FN:273,StringUtils.count
FNDA:0,StringUtils.count
DA:274,0
DA:275,0
DA:276,0
DA:277,0
FN:287,StringUtils.contains
FNDA:0,StringUtils.contains
DA:288,0
FNF:9
FNH:0
LF:92
LH:0
BRF:30
BRH:0
end_of_record
TN:
SF:src/test/RevertFallback.sol
FN:7,RevertFallback.
FNDA:164,RevertFallback.
DA:8,164
FNF:1
FNH:1
LF:1
LH:1
BRF:0
BRH:0
end_of_record
TN:
SF:src/test/TestPunksBids.sol
FN:9,TestPunksBids.validateBidParameters
FNDA:5,TestPunksBids.validateBidParameters
DA:10,5
FN:13,TestPunksBids.validateSignature
FNDA:259,TestPunksBids.validateSignature
DA:14,259
FN:17,TestPunksBids.canMatchBidAndPunk
FNDA:1028,TestPunksBids.canMatchBidAndPunk
DA:22,1028
FN:25,TestPunksBids.canBuyPunk
FNDA:259,TestPunksBids.canBuyPunk
DA:26,259
FN:29,TestPunksBids.validatePunkIndex
FNDA:1536,TestPunksBids.validatePunkIndex
DA:30,1536
FN:33,TestPunksBids.executeWETHTransfer
FNDA:256,TestPunksBids.executeWETHTransfer
DA:34,256
FN:37,TestPunksBids.executeBuyPunk
FNDA:512,TestPunksBids.executeBuyPunk
DA:38,512
FN:41,TestPunksBids.getAttributesStringToSliceArray
FNDA:1,TestPunksBids.getAttributesStringToSliceArray
DA:46,1
FN:49,TestPunksBids.hashDomain
FNDA:1,TestPunksBids.hashDomain
DA:50,1
FN:53,TestPunksBids.hashBid
FNDA:265,TestPunksBids.hashBid
DA:54,265
FN:57,TestPunksBids.hashToSign
FNDA:260,TestPunksBids.hashToSign
DA:58,260
FN:62,TestPunksBids.getFinalPrice
FNDA:519,TestPunksBids.getFinalPrice
DA:63,519
DA:64,519
FNF:12
FNH:12
LF:13
LH:13
BRF:0
BRH:0
end_of_record
TN:
SF:test/Base.t.sol
FN:55,Base.signBid
FNDA:0,Base.signBid
DA:60,0
DA:61,0
DA:62,0
FN:65,Base.defaultBid
FNDA:0,Base.defaultBid
DA:66,0
FNF:2
FNH:0
LF:4
LH:0
BRF:0
BRH:0
end_of_record
