TN:
SF:src/PunksBids.sol
FN:29,PunksBids.unpause
FNDA:2,PunksBids.unpause
DA:30,2
FN:33,PunksBids.pause
FNDA:4,PunksBids.pause
DA:34,4
FN:73,PunksBids.
FNDA:0,PunksBids.
FN:80,PunksBids.executeMatch
FNDA:8,PunksBids.executeMatch
DA:81,7
DA:83,7
BRDA:83,0,0,1
BRDA:83,0,1,6
DA:84,1
DA:87,6
BRDA:87,1,0,1
BRDA:87,1,1,5
DA:88,1
DA:91,5
DA:94,5
DA:96,5
DA:98,5
DA:100,5
FN:107,PunksBids.cancelBid
FNDA:7,PunksBids.cancelBid
DA:109,12
BRDA:109,2,0,2
BRDA:109,2,1,10
DA:110,2
DA:113,10
DA:115,10
BRDA:115,3,0,2
BRDA:115,3,1,8
DA:116,2
DA:120,8
DA:121,8
FN:128,PunksBids.cancelBids
FNDA:3,PunksBids.cancelBids
DA:129,3
DA:130,5
FN:137,PunksBids.incrementNonce
FNDA:2,PunksBids.incrementNonce
DA:138,2
DA:139,2
FN:146,PunksBids.setFeeRate
FNDA:768,PunksBids.setFeeRate
DA:147,512
DA:149,512
FN:156,PunksBids.setLocalFeeRate
FNDA:768,PunksBids.setLocalFeeRate
DA:157,512
DA:159,512
FN:166,PunksBids.withdrawFees
FNDA:4,PunksBids.withdrawFees
DA:167,3
DA:168,3
DA:169,3
BRDA:169,4,0,1
BRDA:169,4,1,2
DA:170,1
DA:173,2
FN:184,PunksBids._validateBidParameters
FNDA:12,PunksBids._validateBidParameters
DA:186,12
FN:199,PunksBids._validateSignature
FNDA:265,PunksBids._validateSignature
DA:200,265
BRDA:200,5,0,1
BRDA:200,5,1,264
DA:201,1
DA:205,264
BRDA:205,6,0,2
BRDA:205,6,1,6
DA:206,2
DA:209,6
FN:221,PunksBids._validateUserAuthorization
FNDA:264,PunksBids._validateUserAuthorization
DA:226,264
DA:227,264
FN:239,PunksBids._verify
FNDA:520,PunksBids._verify
DA:240,520
BRDA:240,7,0,256
BRDA:240,7,1,264
DA:241,256
DA:243,264
DA:244,264
FN:255,PunksBids._canMatchBidAndPunk
FNDA:1033,PunksBids._canMatchBidAndPunk
DA:260,1033
DA:262,1033
BRDA:262,8,0,256
BRDA:262,8,1,777
DA:263,256
DA:267,777
DA:268,777
DA:271,777
BRDA:271,9,0,256
BRDA:271,9,1,1
DA:272,257
DA:273,257
BRDA:273,10,0,256
BRDA:273,10,1,1
DA:274,256
DA:279,521
BRDA:279,11,0,256
BRDA:279,11,1,1
DA:281,257
DA:282,257
BRDA:282,12,0,256
BRDA:282,12,1,1
DA:283,256
DA:288,265
BRDA:288,13,0,1
BRDA:288,13,1,3
DA:289,2
DA:290,2
DA:291,2
DA:292,2
DA:294,2
DA:295,4
DA:296,4
DA:298,4
DA:299,4
DA:300,4
BRDA:300,14,0,3
BRDA:300,14,1,1
DA:301,3
DA:302,3
DA:303,3
DA:308,4
BRDA:308,15,0,1
BRDA:308,15,1,3
DA:309,1
DA:314,264
FN:325,PunksBids._canBuyPunk
FNDA:1292,PunksBids._canBuyPunk
DA:330,1292
DA:331,1292
DA:333,1292
BRDA:333,16,0,1
BRDA:333,16,1,1291
DA:334,1
DA:336,1291
BRDA:336,17,0,1
BRDA:336,17,1,1290
DA:337,1
DA:340,1290
DA:341,1290
DA:343,1290
DA:344,1290
DA:346,1290
BRDA:346,18,0,256
BRDA:346,18,1,1034
DA:347,256
DA:350,1034
FN:359,PunksBids._validatePunkIndex
FNDA:2569,PunksBids._validatePunkIndex
DA:361,2569
BRDA:361,19,0,256
BRDA:361,19,1,256
DA:362,512
DA:363,512
BRDA:363,20,0,256
BRDA:363,20,1,256
DA:364,256
DA:367,256
DA:370,2057
BRDA:370,21,0,256
BRDA:370,21,1,256
DA:371,512
DA:372,512
BRDA:372,22,0,256
BRDA:372,22,1,256
DA:373,256
DA:378,1801
FN:387,PunksBids._executeWETHTransfer
FNDA:261,PunksBids._executeWETHTransfer
DA:388,261
DA:390,261
FN:399,PunksBids._executeBuyPunk
FNDA:517,PunksBids._executeBuyPunk
DA:400,517
DA:405,261
FN:416,PunksBids._getAttributesStringToSliceArray
FNDA:780,PunksBids._getAttributesStringToSliceArray
DA:421,780
DA:422,780
DA:423,780
DA:424,780
DA:425,2600
DA:427,780
FNF:20
FNH:19
LF:107
LH:107
BRF:46
BRH:46
end_of_record
TN:
SF:src/lib/EIP712.sol
FN:33,EIP712._hashDomain
FNDA:1,EIP712._hashDomain
DA:34,1
FN:50,EIP712._hashBid
FNDA:538,EIP712._hashBid
DA:51,538
FN:77,EIP712._hashIndexes
FNDA:538,EIP712._hashIndexes
DA:78,538
FN:88,EIP712._hashAttributes
FNDA:538,EIP712._hashAttributes
DA:89,538
FN:99,EIP712._hashToSign
FNDA:780,EIP712._hashToSign
DA:100,780
FNF:5
FNH:5
LF:5
LH:5
BRF:0
BRH:0
end_of_record
TN:
SF:src/lib/StringUtils.sol
FN:50,StringUtils.toSlice
FNDA:0,StringUtils.toSlice
DA:51,0
DA:53,0
DA:55,0
FN:67,StringUtils.compare
FNDA:0,StringUtils.compare
DA:68,0
DA:69,0
BRDA:69,0,0,-
BRDA:69,0,1,-
DA:70,0
DA:73,0
DA:74,0
DA:75,0
DA:76,0
DA:77,0
DA:79,0
DA:80,0
DA:82,0
BRDA:82,1,0,-
BRDA:82,1,1,-
DA:84,0
DA:85,0
BRDA:85,2,0,-
BRDA:85,2,1,-
DA:86,0
DA:89,0
DA:90,0
BRDA:90,3,0,-
BRDA:90,3,1,-
DA:91,0
DA:95,0
DA:96,0
DA:98,0
FN:107,StringUtils.equals
FNDA:0,StringUtils.equals
DA:108,0
FN:113,StringUtils.findPtr
FNDA:0,StringUtils.findPtr
DA:118,0
DA:119,0
DA:121,0
BRDA:121,4,0,-
BRDA:121,4,1,-
DA:122,0
BRDA:122,5,0,-
BRDA:122,5,1,-
DA:123,0
DA:124,0
BRDA:124,6,0,-
BRDA:124,6,1,-
DA:125,0
DA:128,0
DA:130,0
DA:133,0
DA:134,0
DA:136,0
DA:139,0
DA:140,0
BRDA:140,7,0,-
BRDA:140,7,1,-
DA:141,0
DA:143,0
DA:145,0
DA:148,0
DA:151,0
DA:153,0
DA:156,0
DA:157,0
DA:159,0
DA:161,0
BRDA:161,8,0,-
BRDA:161,8,1,-
DA:162,0
DA:164,0
DA:168,0
FN:173,StringUtils.rfindPtr
FNDA:0,StringUtils.rfindPtr
DA:178,0
DA:180,0
BRDA:180,9,0,-
BRDA:180,9,1,-
DA:181,0
BRDA:181,10,0,-
BRDA:181,10,1,-
DA:182,0
DA:183,0
BRDA:183,11,0,-
BRDA:183,11,1,-
DA:184,0
DA:187,0
DA:189,0
DA:192,0
DA:193,0
DA:195,0
DA:198,0
DA:199,0
BRDA:199,12,0,-
BRDA:199,12,1,-
DA:200,0
DA:202,0
DA:204,0
DA:207,0
DA:210,0
DA:212,0
DA:214,0
DA:215,0
DA:216,0
DA:218,0
DA:220,0
BRDA:220,13,0,-
BRDA:220,13,1,-
DA:221,0
DA:223,0
DA:227,0
FN:240,StringUtils.split
FNDA:0,StringUtils.split
DA:241,0
DA:242,0
DA:243,0
DA:244,0
BRDA:244,14,0,-
BRDA:244,14,1,-
DA:246,0
DA:248,0
DA:249,0
DA:251,0
FN:263,StringUtils.split
FNDA:0,StringUtils.split
DA:264,0
FN:273,StringUtils.count
FNDA:0,StringUtils.count
DA:274,0
DA:275,0
DA:276,0
DA:277,0
FN:287,StringUtils.contains
FNDA:0,StringUtils.contains
DA:288,0
FNF:9
FNH:0
LF:92
LH:0
BRF:30
BRH:0
end_of_record
TN:
SF:src/test/RevertFallback.sol
FN:7,RevertFallback.
FNDA:162,RevertFallback.
DA:8,162
FNF:1
FNH:1
LF:1
LH:1
BRF:0
BRH:0
end_of_record
TN:
SF:src/test/TestPunksBids.sol
FN:9,TestPunksBids.validateBidParameters
FNDA:5,TestPunksBids.validateBidParameters
DA:10,5
FN:13,TestPunksBids.validateSignature
FNDA:259,TestPunksBids.validateSignature
DA:14,259
FN:17,TestPunksBids.canMatchBidAndPunk
FNDA:1028,TestPunksBids.canMatchBidAndPunk
DA:22,1028
FN:25,TestPunksBids.canBuyPunk
FNDA:259,TestPunksBids.canBuyPunk
DA:26,259
FN:29,TestPunksBids.validatePunkIndex
FNDA:1536,TestPunksBids.validatePunkIndex
DA:30,1536
FN:33,TestPunksBids.executeWETHTransfer
FNDA:256,TestPunksBids.executeWETHTransfer
DA:34,256
FN:37,TestPunksBids.executeBuyPunk
FNDA:512,TestPunksBids.executeBuyPunk
DA:38,512
FN:41,TestPunksBids.verify
FNDA:256,TestPunksBids.verify
DA:42,256
FN:45,TestPunksBids.getAttributesStringToSliceArray
FNDA:1,TestPunksBids.getAttributesStringToSliceArray
DA:50,1
FN:53,TestPunksBids.hashDomain
FNDA:1,TestPunksBids.hashDomain
DA:54,1
FN:57,TestPunksBids.hashBid
FNDA:521,TestPunksBids.hashBid
DA:58,521
FN:61,TestPunksBids.hashToSign
FNDA:516,TestPunksBids.hashToSign
DA:62,516
FN:66,TestPunksBids.getFinalPrice
FNDA:519,TestPunksBids.getFinalPrice
DA:67,519
DA:68,519
FNF:13
FNH:13
LF:14
LH:14
BRF:0
BRH:0
end_of_record
TN:
SF:test/Base.t.sol
FN:55,Base.signBid
FNDA:0,Base.signBid
DA:60,0
DA:61,0
DA:62,0
FN:65,Base.defaultBid
FNDA:0,Base.defaultBid
DA:66,0
FNF:2
FNH:0
LF:4
LH:0
BRF:0
BRH:0
end_of_record
